2023/09/25 08:05:20 [notice] 1#1: using the "epoll" event method
2023/09/25 08:05:20 [notice] 1#1: nginx/1.24.0
2023/09/25 08:05:20 [notice] 1#1: built by gcc 10.2.1 20210110 (Debian 10.2.1-6) 
2023/09/25 08:05:20 [notice] 1#1: OS: Linux 6.3.13-linuxkit
2023/09/25 08:05:20 [notice] 1#1: getrlimit(RLIMIT_NOFILE): 1048576:1048576
2023/09/25 08:05:20 [notice] 1#1: start worker processes
2023/09/25 08:05:20 [notice] 1#1: start worker process 28
2023/09/25 08:05:20 [notice] 1#1: start worker process 29
2023/09/25 08:05:20 [notice] 1#1: start worker process 30
2023/09/25 08:05:20 [notice] 1#1: start worker process 31
2023/09/25 08:05:27 [notice] 1#1: signal 3 (SIGQUIT) received, shutting down
2023/09/25 08:05:27 [notice] 29#29: gracefully shutting down
2023/09/25 08:05:27 [notice] 29#29: exiting
2023/09/25 08:05:27 [notice] 31#31: gracefully shutting down
2023/09/25 08:05:27 [notice] 31#31: exiting
2023/09/25 08:05:27 [notice] 28#28: gracefully shutting down
2023/09/25 08:05:27 [notice] 28#28: exiting
2023/09/25 08:05:27 [notice] 30#30: gracefully shutting down
2023/09/25 08:05:27 [notice] 29#29: exit
2023/09/25 08:05:27 [notice] 31#31: exit
2023/09/25 08:05:27 [notice] 28#28: exit
2023/09/25 08:05:27 [notice] 30#30: exiting
2023/09/25 08:05:27 [notice] 30#30: exit
2023/09/25 08:05:27 [notice] 1#1: signal 17 (SIGCHLD) received from 29
2023/09/25 08:05:27 [notice] 1#1: worker process 28 exited with code 0
2023/09/25 08:05:27 [notice] 1#1: worker process 29 exited with code 0
2023/09/25 08:05:27 [notice] 1#1: worker process 30 exited with code 0
2023/09/25 08:05:27 [notice] 1#1: worker process 31 exited with code 0
2023/09/25 08:05:27 [notice] 1#1: exit
2023/09/25 08:17:42 [notice] 1#1: using the "epoll" event method
2023/09/25 08:17:42 [notice] 1#1: nginx/1.24.0
2023/09/25 08:17:42 [notice] 1#1: built by gcc 10.2.1 20210110 (Debian 10.2.1-6) 
2023/09/25 08:17:42 [notice] 1#1: OS: Linux 6.3.13-linuxkit
2023/09/25 08:17:42 [notice] 1#1: getrlimit(RLIMIT_NOFILE): 1048576:1048576
2023/09/25 08:17:42 [notice] 1#1: start worker processes
2023/09/25 08:17:42 [notice] 1#1: start worker process 28
2023/09/25 08:17:42 [notice] 1#1: start worker process 29
2023/09/25 08:17:42 [notice] 1#1: start worker process 30
2023/09/25 08:17:42 [notice] 1#1: start worker process 31
